<?xml version="1.0" encoding="UTF-8"?>
<testsuite xmlns:xsi="http://www.w3.org/2001/XMLSchema-instance" xsi:noNamespaceSchemaLocation="https://maven.apache.org/surefire/maven-surefire-plugin/xsd/surefire-test-report.xsd" name="com.example.CoordinationNumberTest" time="0.027" tests="9" errors="0" skipped="0" failures="0">
  <properties>
[...]
</properties>
  <testcase name="validCoordinationNumberIsFrom1800" classname="com.example.CoordinationNumberTest" time="0.015"/>
  <testcase name="invalidCoordinationNumberDateBelow61" classname="com.example.CoordinationNumberTest" time="0.001"/>
  <testcase name="validCoordinationNumber" classname="com.example.CoordinationNumberTest" time="0.003"/>
  <testcase name="validCoordinationNumberNot100years" classname="com.example.CoordinationNumberTest" time="0.003"/>
  <testcase name="validCoordinationNumberIs100years" classname="com.example.CoordinationNumberTest" time="0.001"/>
  <testcase name="invalidCoordinationNumberLuhns" classname="com.example.CoordinationNumberTest" time="0"/>
  <testcase name="validCoordinationNumberDelimiterNoCentury" classname="com.example.CoordinationNumberTest" time="0.001"/>
  <testcase name="validCoordinationNumberDelimiter" classname="com.example.CoordinationNumberTest" time="0"/>
  <testcase name="invalidCoordinationNumberDateAbove91" classname="com.example.CoordinationNumberTest" time="0.001"/>
</testsuite>